<?xml version="1.0" encoding="UTF-8"?>
<!-- Generated by org.testng.reporters.JUnitReportReporter -->
<testsuite skipped="1" hostname="DESKTOP-2CVRSQU" name="ddf1.datadrivensinglepagescript" tests="1" failures="0" timestamp="26 Apr 2017 16:09:57 GMT" time="0.000" errors="0">
  <testcase name="customersignin" time="0.000" classname="ddf1.datadrivensinglepagescript">
    <skipped/>
  </testcase> <!-- customersignin -->
</testsuite> <!-- ddf1.datadrivensinglepagescript -->
