<?xml version="1.0" encoding="UTF-8"?>
<!-- Generated by org.testng.reporters.JUnitReportReporter -->
<testsuite skipped="1" hostname="DESKTOP-2CVRSQU" name="ddf1.signin" tests="1" failures="0" timestamp="04 Apr 2017 04:14:27 GMT" time="0.000" errors="0">
  <testcase name="customersignin" time="0.000" classname="ddf1.signin">
    <skipped/>
  </testcase> <!-- customersignin -->
</testsuite> <!-- ddf1.signin -->
