<?xml version="1.0" encoding="UTF-8"?>
<!-- Generated by org.testng.reporters.JUnitReportReporter -->
<testsuite skipped="0" hostname="DESKTOP-2CVRSQU" name="demo1.brokenlinks" tests="1" failures="0" timestamp="13 Apr 2017 11:12:54 GMT" time="55.660" errors="0">
  <testcase name="broken" time="55.660" classname="demo1.brokenlinks"/>
</testsuite> <!-- demo1.brokenlinks -->
