<?xml version="1.0" encoding="UTF-8"?>
<!-- Generated by org.testng.reporters.JUnitReportReporter -->
<testsuite skipped="0" hostname="DESKTOP-2CVRSQU" name="ddf.ddfprog" tests="2" failures="0" timestamp="01 Apr 2017 09:54:59 GMT" time="31.450" errors="0">
  <testcase name="TestFireFox" time="13.540" classname="ddf.ddfprog"/>
  <testcase name="TestFireFox" time="17.910" classname="ddf.ddfprog"/>
</testsuite> <!-- ddf.ddfprog -->
