<?xml version="1.0" encoding="UTF-8"?>
<!-- Generated by org.testng.reporters.JUnitReportReporter -->
<testsuite skipped="1" hostname="DESKTOP-2CVRSQU" name="datadrivenframework.datadriven" tests="1" failures="0" timestamp="01 Apr 2017 09:40:50 GMT" time="0.000" errors="0">
  <testcase name="loginrediffmail" time="0.000" classname="datadrivenframework.datadriven">
    <skipped/>
  </testcase> <!-- loginrediffmail -->
</testsuite> <!-- datadrivenframework.datadriven -->
