<?xml version="1.0" encoding="UTF-8"?>
<!-- Generated by org.testng.reporters.JUnitReportReporter -->
<testsuite skipped="1" hostname="DESKTOP-2CVRSQU" name="datadrivenframework.loginexcel" tests="1" failures="0" timestamp="02 Apr 2017 10:40:06 GMT" time="0.000" errors="0">
  <testcase name="loginrediffmail" time="0.000" classname="datadrivenframework.loginexcel">
    <skipped/>
  </testcase> <!-- loginrediffmail -->
</testsuite> <!-- datadrivenframework.loginexcel -->
