<?xml version="1.0" encoding="UTF-8"?>
<!-- Generated by org.testng.reporters.JUnitReportReporter -->
<testsuite skipped="0" hostname="DESKTOP-2CVRSQU" name="expliandimplicite.explianimplicite" tests="1" failures="0" timestamp="05 May 2017 11:17:04 GMT" time="50.497" errors="0">
  <testcase name="explicite" time="50.497" classname="expliandimplicite.explianimplicite"/>
</testsuite> <!-- expliandimplicite.explianimplicite -->
