<?xml version="1.0" encoding="UTF-8"?>
<!-- Generated by org.testng.reporters.JUnitReportReporter -->
<testsuite skipped="0" hostname="DESKTOP-2CVRSQU" name="demo1.loginusingtestng" tests="1" failures="0" timestamp="25 Mar 2017 14:32:41 GMT" time="14.885" errors="0">
  <testcase name="main" time="14.885" classname="demo1.loginusingtestng"/>
</testsuite> <!-- demo1.loginusingtestng -->
